<?xml version="1.0" encoding="UTF-8"?>
<!-- Generated by org.testng.reporters.JUnitXMLReporter -->
<testsuite ignored="0" hostname="DESKTOP-EPJ72US" failures="0" tests="10" name="AddCategory" time="0.122" errors="0" timestamp="2020-09-09T12:13:42 BST">
  <testcase classname="com.talech.testcases.AddCategoryTest" name="addCategoryTest" time="0.0">
    <skipped/>
  </testcase> <!-- addCategoryTest -->
  <testcase classname="com.talech.testcases.AddCategoryTest" name="addCategoryTest" time="0.0">
    <skipped/>
  </testcase> <!-- addCategoryTest -->
  <testcase classname="com.talech.testcases.AddCategoryTest" name="addCategoryTest" time="0.0">
    <skipped/>
  </testcase> <!-- addCategoryTest -->
  <testcase classname="com.talech.testcases.AddCategoryTest" name="addCategoryTest" time="0.0">
    <skipped/>
  </testcase> <!-- addCategoryTest -->
  <testcase classname="com.talech.testcases.AddCategoryTest" name="addCategoryTest" time="0.0">
    <skipped/>
  </testcase> <!-- addCategoryTest -->
  <testcase classname="com.talech.testcases.AddCategoryTest" name="addCategoryTest" time="0.0">
    <skipped/>
  </testcase> <!-- addCategoryTest -->
  <testcase classname="com.talech.testcases.AddCategoryTest" name="addCategoryTest" time="0.0">
    <skipped/>
  </testcase> <!-- addCategoryTest -->
  <testcase classname="com.talech.testcases.AddCategoryTest" name="addCategoryTest" time="0.0">
    <skipped/>
  </testcase> <!-- addCategoryTest -->
  <testcase classname="com.talech.testcases.AddCategoryTest" name="addCategoryTest" time="0.0">
    <skipped/>
  </testcase> <!-- addCategoryTest -->
  <testcase classname="com.talech.testcases.AddCategoryTest" name="addCategoryTest" time="0.0">
    <skipped/>
  </testcase> <!-- addCategoryTest -->
</testsuite> <!-- AddCategory -->
