<?xml version="1.0" encoding="UTF-8"?>
<!-- Generated by org.testng.reporters.JUnitXMLReporter -->
<testsuite ignored="0" hostname="DESKTOP-EPJ72US" failures="0" tests="6" name="AddNewCustomerTest" time="0.113" errors="0" timestamp="2020-09-09T12:17:07 BST">
  <testcase classname="com.talech.testcases.AddNewCustomerTest" name="addNewCustomer" time="0.0">
    <skipped/>
  </testcase> <!-- addNewCustomer -->
  <testcase classname="com.talech.testcases.AddNewCustomerTest" name="addNewCustomer" time="0.0">
    <skipped/>
  </testcase> <!-- addNewCustomer -->
  <testcase classname="com.talech.testcases.AddNewCustomerTest" name="addNewCustomer" time="0.0">
    <skipped/>
  </testcase> <!-- addNewCustomer -->
  <testcase classname="com.talech.testcases.AddNewCustomerTest" name="addNewCustomer" time="0.0">
    <skipped/>
  </testcase> <!-- addNewCustomer -->
  <testcase classname="com.talech.testcases.AddNewCustomerTest" name="addNewCustomer" time="0.0">
    <skipped/>
  </testcase> <!-- addNewCustomer -->
  <testcase classname="com.talech.testcases.AddNewCustomerTest" name="addNewCustomer" time="0.0">
    <skipped/>
  </testcase> <!-- addNewCustomer -->
</testsuite> <!-- AddNewCustomerTest -->
